d:\git repositories\blossompoker\blossompoker\debug\vc140.pdb
d:\git repositories\blossompoker\blossompoker\debug\vc140.idb
d:\git repositories\blossompoker\blossompoker\debug\card.obj
d:\git repositories\blossompoker\blossompoker\debug\deck.obj
d:\git repositories\blossompoker\blossompoker\debug\handevaluator.obj
d:\git repositories\blossompoker\blossompoker\debug\main.obj
d:\git repositories\blossompoker\blossompoker\debug\board.obj
d:\git repositories\blossompoker\blossompoker\debug\player.obj
d:\git repositories\blossompoker\blossompoker\debug\strategy.obj
d:\git repositories\blossompoker\blossompoker\debug\blossomai.obj
d:\git repositories\blossompoker\blossompoker\debug\genetictest.obj
d:\git repositories\blossompoker\blossompoker\debug\orchastrator.obj
d:\git repositories\blossompoker\blossompoker\debug\gamemanager.obj
d:\git repositories\blossompoker\debug\blossompoker.pdb
d:\git repositories\blossompoker\blossompoker\debug\blossompoker.tlog\cl.command.1.tlog
d:\git repositories\blossompoker\blossompoker\debug\blossompoker.tlog\cl.read.1.tlog
d:\git repositories\blossompoker\blossompoker\debug\blossompoker.tlog\cl.write.1.tlog
d:\git repositories\blossompoker\blossompoker\debug\blossompoker.tlog\link.8224-cvtres.read.1.tlog
d:\git repositories\blossompoker\blossompoker\debug\blossompoker.tlog\link.8224-cvtres.write.1.tlog
d:\git repositories\blossompoker\blossompoker\debug\blossompoker.tlog\link.8224-rc.read.1.tlog
d:\git repositories\blossompoker\blossompoker\debug\blossompoker.tlog\link.8224-rc.write.1.tlog
d:\git repositories\blossompoker\blossompoker\debug\blossompoker.tlog\link.8224.read.1.tlog
d:\git repositories\blossompoker\blossompoker\debug\blossompoker.tlog\link.8224.write.1.tlog
d:\git repositories\blossompoker\blossompoker\debug\blossompoker.tlog\link.command.1.tlog
d:\git repositories\blossompoker\blossompoker\debug\blossompoker.tlog\link.read.1.tlog
d:\git repositories\blossompoker\blossompoker\debug\blossompoker.tlog\link.write.1.tlog
