C:\Program Files (x86)\MSBuild\Microsoft.Cpp\v4.0\V140\Microsoft.CppBuild.targets(392,5): warning MSB8028: The intermediate directory (Debug\) contains files shared from another project (CountdownPoker.vcxproj).  This can lead to incorrect clean and rebuild behavior.
  Player.cpp
  HandEvaluator.cpp
d:\git repositories\blossompoker\blossompoker\handevaluator.cpp(67): warning C4996: 'fopen': This function or variable may be unsafe. Consider using fopen_s instead. To disable deprecation, use _CRT_SECURE_NO_WARNINGS. See online help for details.
  c:\program files (x86)\windows kits\10\include\10.0.10240.0\ucrt\stdio.h(205): note: see declaration of 'fopen'
d:\git repositories\blossompoker\blossompoker\handevaluator.cpp(104): warning C4244: 'argument': conversion from '__int64' to 'unsigned int', possible loss of data
  Board.cpp
d:\git repositories\blossompoker\blossompoker\board.cpp(32): warning C4996: 'fopen': This function or variable may be unsafe. Consider using fopen_s instead. To disable deprecation, use _CRT_SECURE_NO_WARNINGS. See online help for details.
  c:\program files (x86)\windows kits\10\include\10.0.10240.0\ucrt\stdio.h(205): note: see declaration of 'fopen'
  BlossomAI.cpp
  Generating Code...
  Compiling...
  Strategy.cpp
  Orchastrator.cpp
  GameManager.cpp
  Generating Code...
  Skipping... (no relevant changes detected)
  Main.cpp
  BlossomPoker.vcxproj -> D:\Git Repositories\BlossomPoker\Debug\BlossomPoker.exe
  BlossomPoker.vcxproj -> D:\Git Repositories\BlossomPoker\Debug\BlossomPoker.pdb (Full PDB)
