  Board.cpp
Board.cpp(25): warning C4996: 'fopen': This function or variable may be unsafe. Consider using fopen_s instead. To disable deprecation, use _CRT_SECURE_NO_WARNINGS. See online help for details.
  C:\Program Files (x86)\Windows Kits\10\Include\10.0.10240.0\ucrt\stdio.h(205): note: see declaration of 'fopen'
  Card.cpp
  Deck.cpp
Deck.cpp(30): warning C4244: 'argument': conversion from 'time_t' to 'unsigned int', possible loss of data
  BlossomAI.cpp
  GeneticTest.cpp
d:\git repositories\blossompoker\blossompoker\LogWriter.h(39): warning C4996: 'localtime': This function or variable may be unsafe. Consider using localtime_s instead. To disable deprecation, use _CRT_SECURE_NO_WARNINGS. See online help for details.
  C:\Program Files (x86)\Windows Kits\10\Include\10.0.10240.0\ucrt\time.h(505): note: see declaration of 'localtime'
GeneticTest.cpp(14): warning C4244: 'argument': conversion from '__int64' to 'unsigned int', possible loss of data
GeneticTest.cpp(89): warning C4244: 'argument': conversion from '__int64' to 'unsigned int', possible loss of data
  LogWriter.cpp
d:\git repositories\blossompoker\blossompoker\LogWriter.h(39): warning C4996: 'localtime': This function or variable may be unsafe. Consider using localtime_s instead. To disable deprecation, use _CRT_SECURE_NO_WARNINGS. See online help for details.
  C:\Program Files (x86)\Windows Kits\10\Include\10.0.10240.0\ucrt\time.h(505): note: see declaration of 'localtime'
  Orchastrator.cpp
Orchastrator.cpp(31): warning C4244: 'argument': conversion from '__int64' to 'unsigned int', possible loss of data
  Scheduler.cpp
d:\git repositories\blossompoker\blossompoker\LogWriter.h(39): warning C4996: 'localtime': This function or variable may be unsafe. Consider using localtime_s instead. To disable deprecation, use _CRT_SECURE_NO_WARNINGS. See online help for details.
  C:\Program Files (x86)\Windows Kits\10\Include\10.0.10240.0\ucrt\time.h(505): note: see declaration of 'localtime'
  Strategy.cpp
  GameManager.cpp
  HandEvaluator.cpp
HandEvaluator.cpp(7): warning C4244: 'argument': conversion from '__int64' to 'unsigned int', possible loss of data
HandEvaluator.cpp(68): warning C4996: 'fopen': This function or variable may be unsafe. Consider using fopen_s instead. To disable deprecation, use _CRT_SECURE_NO_WARNINGS. See online help for details.
  C:\Program Files (x86)\Windows Kits\10\Include\10.0.10240.0\ucrt\stdio.h(205): note: see declaration of 'fopen'
HandEvaluator.cpp(101): warning C4018: '<': signed/unsigned mismatch
HandEvaluator.cpp(255): warning C4018: '<': signed/unsigned mismatch
  Main.cpp
d:\git repositories\blossompoker\blossompoker\LogWriter.h(39): warning C4996: 'localtime': This function or variable may be unsafe. Consider using localtime_s instead. To disable deprecation, use _CRT_SECURE_NO_WARNINGS. See online help for details.
  C:\Program Files (x86)\Windows Kits\10\Include\10.0.10240.0\ucrt\time.h(505): note: see declaration of 'localtime'
  Player.cpp
  Generating code
  All 1933 functions were compiled because no usable IPDB/IOBJ from previous compilation was found.
  Finished generating code
  BlossomPoker.vcxproj -> D:\Git Repositories\BlossomPoker\Release\BlossomPoker.exe
  BlossomPoker.vcxproj -> D:\Git Repositories\BlossomPoker\Release\BlossomPoker.pdb (Full PDB)
