d:\git repositories\blossompoker\xpokereval.twoplustwo\debug\xpokereval.twoplustwo.pdb
d:\git repositories\blossompoker\xpokereval.twoplustwo\debug\xpokereval.twoplustwo.idb
d:\git repositories\blossompoker\xpokereval.twoplustwo\debug\generate_table.obj
d:\git repositories\blossompoker\xpokereval.twoplustwo\debug\vc140.pdb
d:\git repositories\blossompoker\xpokereval.twoplustwo\debug\vc140.idb
d:\git repositories\blossompoker\bin\xpokereval.twoplustwo.lib
d:\git repositories\blossompoker\bin\xpokereval.twoplustwo.pdb
d:\git repositories\blossompoker\xpokereval.twoplustwo\debug\xpokerev.5f41bd64.tlog\cl.command.1.tlog
d:\git repositories\blossompoker\xpokereval.twoplustwo\debug\xpokerev.5f41bd64.tlog\cl.read.1.tlog
d:\git repositories\blossompoker\xpokereval.twoplustwo\debug\xpokerev.5f41bd64.tlog\cl.write.1.tlog
d:\git repositories\blossompoker\xpokereval.twoplustwo\debug\xpokerev.5f41bd64.tlog\lib-link.read.1.tlog
d:\git repositories\blossompoker\xpokereval.twoplustwo\debug\xpokerev.5f41bd64.tlog\lib-link.write.1.tlog
d:\git repositories\blossompoker\xpokereval.twoplustwo\debug\xpokerev.5f41bd64.tlog\lib.command.1.tlog
d:\git repositories\blossompoker\xpokereval.twoplustwo\debug\xpokerev.5f41bd64.tlog\link-cvtres.read.1.tlog
d:\git repositories\blossompoker\xpokereval.twoplustwo\debug\xpokerev.5f41bd64.tlog\link-cvtres.write.1.tlog
d:\git repositories\blossompoker\xpokereval.twoplustwo\debug\xpokerev.5f41bd64.tlog\link-rc.read.1.tlog
d:\git repositories\blossompoker\xpokereval.twoplustwo\debug\xpokerev.5f41bd64.tlog\link-rc.write.1.tlog
d:\git repositories\blossompoker\xpokereval.twoplustwo\debug\xpokerev.5f41bd64.tlog\link.command.1.tlog
d:\git repositories\blossompoker\xpokereval.twoplustwo\debug\xpokerev.5f41bd64.tlog\link.read.1.tlog
d:\git repositories\blossompoker\xpokereval.twoplustwo\debug\xpokerev.5f41bd64.tlog\link.write.1.tlog
